<?xml version="1.0" encoding="UTF-8"?>
<testng-results ignored="0" total="1" passed="1" failed="0" skipped="0">
  <reporter-output>
  </reporter-output>
  <suite started-at="2021-08-15T22:46:53 EET" name="Surefire suite" finished-at="2021-08-15T22:47:01 EET" duration-ms="8702">
    <groups>
    </groups>
    <test started-at="2021-08-15T22:46:53 EET" name="Surefire test" finished-at="2021-08-15T22:47:01 EET" duration-ms="8702">
      <class name="tests.JenkinsTest01">
        <test-method signature="test01()[pri:0, instance:tests.JenkinsTest01@4d5d943d]" started-at="2021-08-15T22:46:53 EET" name="test01" finished-at="2021-08-15T22:47:01 EET" duration-ms="8654" status="PASS">
          <reporter-output>
          </reporter-output>
        </test-method> <!-- test01 -->
      </class> <!-- tests.JenkinsTest01 -->
    </test> <!-- Surefire test -->
  </suite> <!-- Surefire suite -->
</testng-results>
